<?xml version="1.0" encoding="UTF-8"?>
<testng-results skipped="0" failed="1" ignored="0" total="1" passed="0">
  <reporter-output>
  </reporter-output>
  <suite name="ERP System " duration-ms="284008" started-at="2022-10-14T11:00:42 PDT" finished-at="2022-10-14T11:05:26 PDT">
    <groups>
    </groups>
    <test name="Road Test" duration-ms="284008" started-at="2022-10-14T11:00:42 PDT" finished-at="2022-10-14T11:05:26 PDT">
      <class name="com.holinova.testcase.TestRoadLangley">
        <test-method status="PASS" signature="beforeSuite(java.lang.String)[pri:0, instance:com.holinova.testcase.TestRoadLangley@5be46f9d]" name="beforeSuite" is-config="true" duration-ms="67" started-at="2022-10-14T11:00:42 PDT" finished-at="2022-10-14T11:00:42 PDT">
          <params>
            <param index="0">
              <value>
                <![CDATA[src/test/resources/config/config.properties]]>
              </value>
            </param>
          </params>
          <reporter-output>
          </reporter-output>
        </test-method> <!-- beforeSuite -->
        <test-method status="PASS" signature="beforeTest(java.lang.String,java.lang.String,java.lang.String,java.lang.String,int,java.lang.String)[pri:0, instance:com.holinova.testcase.TestRoadLangley@5be46f9d]" name="beforeTest" is-config="true" duration-ms="4508" started-at="2022-10-14T11:00:42 PDT" finished-at="2022-10-14T11:00:46 PDT">
          <params>
            <param index="0">
              <value>
                <![CDATA[firefox]]>
              </value>
            </param>
            <param index="1">
              <value>
                <![CDATA[pc]]>
              </value>
            </param>
            <param index="2">
              <value>
                <![CDATA[desktop]]>
              </value>
            </param>
            <param index="3">
              <value is-null="true"/>
            </param>
            <param index="4">
              <value>
                <![CDATA[4444]]>
              </value>
            </param>
            <param index="5">
              <value is-null="true"/>
            </param>
          </params>
          <reporter-output>
          </reporter-output>
        </test-method> <!-- beforeTest -->
        <test-method status="PASS" signature="beforeClass()[pri:0, instance:com.holinova.testcase.TestRoadLangley@5be46f9d]" name="beforeClass" is-config="true" duration-ms="55" started-at="2022-10-14T11:00:46 PDT" finished-at="2022-10-14T11:00:46 PDT">
          <reporter-output>
          </reporter-output>
        </test-method> <!-- beforeClass -->
        <test-method status="FAIL" signature="testRoadRegister([Ljava.lang.Object;)[pri:1, instance:com.holinova.testcase.TestRoadLangley@5be46f9d]" name="testRoadRegister" duration-ms="274703" started-at="2022-10-14T11:00:47 PDT" description="Road Test" data-provider="RoadData" finished-at="2022-10-14T11:05:22 PDT">
          <params>
            <param index="0">
              <value>
                <![CDATA[[Ljava.lang.Object;@6995bf68]]>
              </value>
            </param>
          </params>
          <exception class="org.openqa.selenium.TimeoutException">
            <message>
              <![CDATA[Expected condition failed: waiting for element to be clickable: By.cssSelector: .container.dialog (tried for 10 second(s) with 500 milliseconds interval)
Build info: version: '3.141.59', revision: 'e82be7d358', time: '2018-11-14T08:17:03'
System info: host: 'DESKTOP-I2SFT6S', ip: '192.168.1.80', os.name: 'Windows 10', os.arch: 'amd64', os.version: '10.0', java.version: '1.8.0_151'
Driver info: org.openqa.selenium.firefox.FirefoxDriver
Capabilities {acceptInsecureCerts: true, browserName: firefox, browserVersion: 105.0.3, javascriptEnabled: true, moz:accessibilityChecks: false, moz:buildID: 20221007134813, moz:geckodriverVersion: 0.23.0, moz:headless: false, moz:platformVersion: 10.0, moz:processID: 1808, moz:profile: C:\Users\LucyDu\AppData\Loc..., moz:shutdownTimeout: 60000, moz:useNonSpecCompliantPointerOrigin: false, moz:webdriverClick: true, moz:windowless: false, pageLoadStrategy: normal, platform: WINDOWS, platformName: WINDOWS, proxy: Proxy(), setWindowRect: true, strictFileInteractability: false, timeouts: {implicit: 0, pageLoad: 300000, script: 30000}, unhandledPromptBehavior: dismiss and notify}
Session ID: b5eddb90-d75b-43df-84f3-a3602f8ec689]]>
            </message>
            <full-stacktrace>
              <![CDATA[org.openqa.selenium.TimeoutException: Expected condition failed: waiting for element to be clickable: By.cssSelector: .container.dialog (tried for 10 second(s) with 500 milliseconds interval)
Build info: version: '3.141.59', revision: 'e82be7d358', time: '2018-11-14T08:17:03'
System info: host: 'DESKTOP-I2SFT6S', ip: '192.168.1.80', os.name: 'Windows 10', os.arch: 'amd64', os.version: '10.0', java.version: '1.8.0_151'
Driver info: org.openqa.selenium.firefox.FirefoxDriver
Capabilities {acceptInsecureCerts: true, browserName: firefox, browserVersion: 105.0.3, javascriptEnabled: true, moz:accessibilityChecks: false, moz:buildID: 20221007134813, moz:geckodriverVersion: 0.23.0, moz:headless: false, moz:platformVersion: 10.0, moz:processID: 1808, moz:profile: C:\Users\LucyDu\AppData\Loc..., moz:shutdownTimeout: 60000, moz:useNonSpecCompliantPointerOrigin: false, moz:webdriverClick: true, moz:windowless: false, pageLoadStrategy: normal, platform: WINDOWS, platformName: WINDOWS, proxy: Proxy(), setWindowRect: true, strictFileInteractability: false, timeouts: {implicit: 0, pageLoad: 300000, script: 30000}, unhandledPromptBehavior: dismiss and notify}
Session ID: b5eddb90-d75b-43df-84f3-a3602f8ec689
at org.openqa.selenium.support.ui.WebDriverWait.timeoutException(WebDriverWait.java:95)
at org.openqa.selenium.support.ui.FluentWait.until(FluentWait.java:272)
at com.holinova.pageobject.page.roadtest.RoatTestPage.findLanyleyWillow(RoatTestPage.java:90)
at com.holinova.testcase.TestRoadLangley.testRoadRegister(TestRoadLangley.java:39)
at sun.reflect.NativeMethodAccessorImpl.invoke0(Native Method)
at sun.reflect.NativeMethodAccessorImpl.invoke(NativeMethodAccessorImpl.java:62)
at sun.reflect.DelegatingMethodAccessorImpl.invoke(DelegatingMethodAccessorImpl.java:43)
at java.lang.reflect.Method.invoke(Method.java:498)
at org.testng.internal.MethodInvocationHelper.invokeMethod(MethodInvocationHelper.java:133)
at org.testng.internal.TestInvoker.invokeMethod(TestInvoker.java:598)
at org.testng.internal.TestInvoker.invokeTestMethod(TestInvoker.java:173)
at org.testng.internal.MethodRunner.runInSequence(MethodRunner.java:46)
at org.testng.internal.TestInvoker$MethodInvocationAgent.invoke(TestInvoker.java:824)
at org.testng.internal.TestInvoker.invokeTestMethods(TestInvoker.java:146)
at org.testng.internal.TestMethodWorker.invokeTestMethods(TestMethodWorker.java:146)
at org.testng.internal.TestMethodWorker.run(TestMethodWorker.java:128)
at java.util.ArrayList.forEach(ArrayList.java:1255)
at org.testng.TestRunner.privateRun(TestRunner.java:794)
at org.testng.TestRunner.run(TestRunner.java:596)
at org.testng.SuiteRunner.runTest(SuiteRunner.java:377)
at org.testng.SuiteRunner.access$000(SuiteRunner.java:28)
at org.testng.SuiteRunner$SuiteWorker.run(SuiteRunner.java:418)
at org.testng.internal.thread.ThreadUtil.lambda$execute$0(ThreadUtil.java:64)
at java.util.concurrent.FutureTask.run(FutureTask.java:266)
at java.util.concurrent.ThreadPoolExecutor.runWorker(ThreadPoolExecutor.java:1149)
at java.util.concurrent.ThreadPoolExecutor$Worker.run(ThreadPoolExecutor.java:624)
at java.lang.Thread.run(Thread.java:748)
]]>
            </full-stacktrace>
          </exception> <!-- org.openqa.selenium.TimeoutException -->
          <reporter-output>
          </reporter-output>
        </test-method> <!-- testRoadRegister -->
        <test-method status="PASS" signature="afterClass()[pri:0, instance:com.holinova.testcase.TestRoadLangley@5be46f9d]" name="afterClass" is-config="true" duration-ms="1" started-at="2022-10-14T11:05:22 PDT" finished-at="2022-10-14T11:05:22 PDT">
          <reporter-output>
          </reporter-output>
        </test-method> <!-- afterClass -->
        <test-method status="PASS" signature="afterTest()[pri:0, instance:com.holinova.testcase.TestRoadLangley@5be46f9d]" name="afterTest" is-config="true" duration-ms="3637" started-at="2022-10-14T11:05:22 PDT" finished-at="2022-10-14T11:05:26 PDT">
          <reporter-output>
          </reporter-output>
        </test-method> <!-- afterTest -->
        <test-method status="PASS" signature="afterSuite()[pri:0, instance:com.holinova.testcase.TestRoadLangley@5be46f9d]" name="afterSuite" is-config="true" duration-ms="1" started-at="2022-10-14T11:05:26 PDT" finished-at="2022-10-14T11:05:26 PDT">
          <reporter-output>
          </reporter-output>
        </test-method> <!-- afterSuite -->
      </class> <!-- com.holinova.testcase.TestRoadLangley -->
    </test> <!-- Road Test -->
  </suite> <!-- ERP System  -->
</testng-results>
